nvcc -o layout layout.cu -arch=sm_89 -std=c++17 -I/home/dudayou/dayou/repo/cutlass/include && CUDA_VISIBLE_DEVICES=5 ./layout
% LayoutC: ((_8,_2),(_2,_4)):((_4,_64),(_32,_1))
% ThrIDC : (_32,_1,_1):(_1,_0,_0)
% LayoutA: ((_8,_2),(_2,_4,_2)):((_4,_64),(_32,_1,_128))
% ThrIDA : (_32,_1,_1):(_1,_0,_0)
% LayoutB: (_8,(_2,_4,_2)):(_4,(_32,_1,_64))
% ThrIDB : (_32,_1,_1):(_1,_0,_0)

\documentclass{standalone}
\usepackage{tikz}
\usetikzlibrary{external}
\tikzexternalize
\begin{document}
\begin{tikzpicture}[x={(0cm,-1cm)},y={(1cm,0cm)},box/.style={rectangle,draw=black,thick,minimum size=1cm,anchor=center}]

\node[box,fill={rgb,255:red,175;green,175;blue,255}] at (0,0) {\shortstack{T0 \\ V0}};
\node[box,fill={rgb,255:red,175;green,175;blue,255}] at (0,1) {\shortstack{T0 \\ V1}};
\node[box,fill={rgb,255:red,175;green,255;blue,175}] at (0,2) {\shortstack{T1 \\ V0}};
\node[box,fill={rgb,255:red,175;green,255;blue,175}] at (0,3) {\shortstack{T1 \\ V1}};
\node[box,fill={rgb,255:red,255;green,255;blue,175}] at (0,4) {\shortstack{T2 \\ V0}};
\node[box,fill={rgb,255:red,255;green,255;blue,175}] at (0,5) {\shortstack{T2 \\ V1}};
\node[box,fill={rgb,255:red,255;green,175;blue,175}] at (0,6) {\shortstack{T3 \\ V0}};
\node[box,fill={rgb,255:red,255;green,175;blue,175}] at (0,7) {\shortstack{T3 \\ V1}};
\node[box,fill={rgb,255:red,210;green,210;blue,255}] at (1,0) {\shortstack{T4 \\ V0}};
\node[box,fill={rgb,255:red,210;green,210;blue,255}] at (1,1) {\shortstack{T4 \\ V1}};
\node[box,fill={rgb,255:red,210;green,255;blue,210}] at (1,2) {\shortstack{T5 \\ V0}};
\node[box,fill={rgb,255:red,210;green,255;blue,210}] at (1,3) {\shortstack{T5 \\ V1}};
\node[box,fill={rgb,255:red,255;green,255;blue,210}] at (1,4) {\shortstack{T6 \\ V0}};
\node[box,fill={rgb,255:red,255;green,255;blue,210}] at (1,5) {\shortstack{T6 \\ V1}};
\node[box,fill={rgb,255:red,255;green,210;blue,210}] at (1,6) {\shortstack{T7 \\ V0}};
\node[box,fill={rgb,255:red,255;green,210;blue,210}] at (1,7) {\shortstack{T7 \\ V1}};
\node[box,fill={rgb,255:red,175;green,175;blue,255}] at (2,0) {\shortstack{T8 \\ V0}};
\node[box,fill={rgb,255:red,175;green,175;blue,255}] at (2,1) {\shortstack{T8 \\ V1}};
\node[box,fill={rgb,255:red,175;green,255;blue,175}] at (2,2) {\shortstack{T9 \\ V0}};
\node[box,fill={rgb,255:red,175;green,255;blue,175}] at (2,3) {\shortstack{T9 \\ V1}};
\node[box,fill={rgb,255:red,255;green,255;blue,175}] at (2,4) {\shortstack{T10 \\ V0}};
\node[box,fill={rgb,255:red,255;green,255;blue,175}] at (2,5) {\shortstack{T10 \\ V1}};
\node[box,fill={rgb,255:red,255;green,175;blue,175}] at (2,6) {\shortstack{T11 \\ V0}};
\node[box,fill={rgb,255:red,255;green,175;blue,175}] at (2,7) {\shortstack{T11 \\ V1}};
\node[box,fill={rgb,255:red,210;green,210;blue,255}] at (3,0) {\shortstack{T12 \\ V0}};
\node[box,fill={rgb,255:red,210;green,210;blue,255}] at (3,1) {\shortstack{T12 \\ V1}};
\node[box,fill={rgb,255:red,210;green,255;blue,210}] at (3,2) {\shortstack{T13 \\ V0}};
\node[box,fill={rgb,255:red,210;green,255;blue,210}] at (3,3) {\shortstack{T13 \\ V1}};
\node[box,fill={rgb,255:red,255;green,255;blue,210}] at (3,4) {\shortstack{T14 \\ V0}};
\node[box,fill={rgb,255:red,255;green,255;blue,210}] at (3,5) {\shortstack{T14 \\ V1}};
\node[box,fill={rgb,255:red,255;green,210;blue,210}] at (3,6) {\shortstack{T15 \\ V0}};
\node[box,fill={rgb,255:red,255;green,210;blue,210}] at (3,7) {\shortstack{T15 \\ V1}};
\node[box,fill={rgb,255:red,175;green,175;blue,255}] at (4,0) {\shortstack{T16 \\ V0}};
\node[box,fill={rgb,255:red,175;green,175;blue,255}] at (4,1) {\shortstack{T16 \\ V1}};
\node[box,fill={rgb,255:red,175;green,255;blue,175}] at (4,2) {\shortstack{T17 \\ V0}};
\node[box,fill={rgb,255:red,175;green,255;blue,175}] at (4,3) {\shortstack{T17 \\ V1}};
\node[box,fill={rgb,255:red,255;green,255;blue,175}] at (4,4) {\shortstack{T18 \\ V0}};
\node[box,fill={rgb,255:red,255;green,255;blue,175}] at (4,5) {\shortstack{T18 \\ V1}};
\node[box,fill={rgb,255:red,255;green,175;blue,175}] at (4,6) {\shortstack{T19 \\ V0}};
\node[box,fill={rgb,255:red,255;green,175;blue,175}] at (4,7) {\shortstack{T19 \\ V1}};
\node[box,fill={rgb,255:red,210;green,210;blue,255}] at (5,0) {\shortstack{T20 \\ V0}};
\node[box,fill={rgb,255:red,210;green,210;blue,255}] at (5,1) {\shortstack{T20 \\ V1}};
\node[box,fill={rgb,255:red,210;green,255;blue,210}] at (5,2) {\shortstack{T21 \\ V0}};
\node[box,fill={rgb,255:red,210;green,255;blue,210}] at (5,3) {\shortstack{T21 \\ V1}};
\node[box,fill={rgb,255:red,255;green,255;blue,210}] at (5,4) {\shortstack{T22 \\ V0}};
\node[box,fill={rgb,255:red,255;green,255;blue,210}] at (5,5) {\shortstack{T22 \\ V1}};
\node[box,fill={rgb,255:red,255;green,210;blue,210}] at (5,6) {\shortstack{T23 \\ V0}};
\node[box,fill={rgb,255:red,255;green,210;blue,210}] at (5,7) {\shortstack{T23 \\ V1}};
\node[box,fill={rgb,255:red,175;green,175;blue,255}] at (6,0) {\shortstack{T24 \\ V0}};
\node[box,fill={rgb,255:red,175;green,175;blue,255}] at (6,1) {\shortstack{T24 \\ V1}};
\node[box,fill={rgb,255:red,175;green,255;blue,175}] at (6,2) {\shortstack{T25 \\ V0}};
\node[box,fill={rgb,255:red,175;green,255;blue,175}] at (6,3) {\shortstack{T25 \\ V1}};
\node[box,fill={rgb,255:red,255;green,255;blue,175}] at (6,4) {\shortstack{T26 \\ V0}};
\node[box,fill={rgb,255:red,255;green,255;blue,175}] at (6,5) {\shortstack{T26 \\ V1}};
\node[box,fill={rgb,255:red,255;green,175;blue,175}] at (6,6) {\shortstack{T27 \\ V0}};
\node[box,fill={rgb,255:red,255;green,175;blue,175}] at (6,7) {\shortstack{T27 \\ V1}};
\node[box,fill={rgb,255:red,210;green,210;blue,255}] at (7,0) {\shortstack{T28 \\ V0}};
\node[box,fill={rgb,255:red,210;green,210;blue,255}] at (7,1) {\shortstack{T28 \\ V1}};
\node[box,fill={rgb,255:red,210;green,255;blue,210}] at (7,2) {\shortstack{T29 \\ V0}};
\node[box,fill={rgb,255:red,210;green,255;blue,210}] at (7,3) {\shortstack{T29 \\ V1}};
\node[box,fill={rgb,255:red,255;green,255;blue,210}] at (7,4) {\shortstack{T30 \\ V0}};
\node[box,fill={rgb,255:red,255;green,255;blue,210}] at (7,5) {\shortstack{T30 \\ V1}};
\node[box,fill={rgb,255:red,255;green,210;blue,210}] at (7,6) {\shortstack{T31 \\ V0}};
\node[box,fill={rgb,255:red,255;green,210;blue,210}] at (7,7) {\shortstack{T31 \\ V1}};
\node[box,fill={rgb,255:red,175;green,175;blue,255}] at (8,0) {\shortstack{T0 \\ V2}};
\node[box,fill={rgb,255:red,175;green,175;blue,255}] at (8,1) {\shortstack{T0 \\ V3}};
\node[box,fill={rgb,255:red,175;green,255;blue,175}] at (8,2) {\shortstack{T1 \\ V2}};
\node[box,fill={rgb,255:red,175;green,255;blue,175}] at (8,3) {\shortstack{T1 \\ V3}};
\node[box,fill={rgb,255:red,255;green,255;blue,175}] at (8,4) {\shortstack{T2 \\ V2}};
\node[box,fill={rgb,255:red,255;green,255;blue,175}] at (8,5) {\shortstack{T2 \\ V3}};
\node[box,fill={rgb,255:red,255;green,175;blue,175}] at (8,6) {\shortstack{T3 \\ V2}};
\node[box,fill={rgb,255:red,255;green,175;blue,175}] at (8,7) {\shortstack{T3 \\ V3}};
\node[box,fill={rgb,255:red,210;green,210;blue,255}] at (9,0) {\shortstack{T4 \\ V2}};
\node[box,fill={rgb,255:red,210;green,210;blue,255}] at (9,1) {\shortstack{T4 \\ V3}};
\node[box,fill={rgb,255:red,210;green,255;blue,210}] at (9,2) {\shortstack{T5 \\ V2}};
\node[box,fill={rgb,255:red,210;green,255;blue,210}] at (9,3) {\shortstack{T5 \\ V3}};
\node[box,fill={rgb,255:red,255;green,255;blue,210}] at (9,4) {\shortstack{T6 \\ V2}};
\node[box,fill={rgb,255:red,255;green,255;blue,210}] at (9,5) {\shortstack{T6 \\ V3}};
\node[box,fill={rgb,255:red,255;green,210;blue,210}] at (9,6) {\shortstack{T7 \\ V2}};
\node[box,fill={rgb,255:red,255;green,210;blue,210}] at (9,7) {\shortstack{T7 \\ V3}};
\node[box,fill={rgb,255:red,175;green,175;blue,255}] at (10,0) {\shortstack{T8 \\ V2}};
\node[box,fill={rgb,255:red,175;green,175;blue,255}] at (10,1) {\shortstack{T8 \\ V3}};
\node[box,fill={rgb,255:red,175;green,255;blue,175}] at (10,2) {\shortstack{T9 \\ V2}};
\node[box,fill={rgb,255:red,175;green,255;blue,175}] at (10,3) {\shortstack{T9 \\ V3}};
\node[box,fill={rgb,255:red,255;green,255;blue,175}] at (10,4) {\shortstack{T10 \\ V2}};
\node[box,fill={rgb,255:red,255;green,255;blue,175}] at (10,5) {\shortstack{T10 \\ V3}};
\node[box,fill={rgb,255:red,255;green,175;blue,175}] at (10,6) {\shortstack{T11 \\ V2}};
\node[box,fill={rgb,255:red,255;green,175;blue,175}] at (10,7) {\shortstack{T11 \\ V3}};
\node[box,fill={rgb,255:red,210;green,210;blue,255}] at (11,0) {\shortstack{T12 \\ V2}};
\node[box,fill={rgb,255:red,210;green,210;blue,255}] at (11,1) {\shortstack{T12 \\ V3}};
\node[box,fill={rgb,255:red,210;green,255;blue,210}] at (11,2) {\shortstack{T13 \\ V2}};
\node[box,fill={rgb,255:red,210;green,255;blue,210}] at (11,3) {\shortstack{T13 \\ V3}};
\node[box,fill={rgb,255:red,255;green,255;blue,210}] at (11,4) {\shortstack{T14 \\ V2}};
\node[box,fill={rgb,255:red,255;green,255;blue,210}] at (11,5) {\shortstack{T14 \\ V3}};
\node[box,fill={rgb,255:red,255;green,210;blue,210}] at (11,6) {\shortstack{T15 \\ V2}};
\node[box,fill={rgb,255:red,255;green,210;blue,210}] at (11,7) {\shortstack{T15 \\ V3}};
\node[box,fill={rgb,255:red,175;green,175;blue,255}] at (12,0) {\shortstack{T16 \\ V2}};
\node[box,fill={rgb,255:red,175;green,175;blue,255}] at (12,1) {\shortstack{T16 \\ V3}};
\node[box,fill={rgb,255:red,175;green,255;blue,175}] at (12,2) {\shortstack{T17 \\ V2}};
\node[box,fill={rgb,255:red,175;green,255;blue,175}] at (12,3) {\shortstack{T17 \\ V3}};
\node[box,fill={rgb,255:red,255;green,255;blue,175}] at (12,4) {\shortstack{T18 \\ V2}};
\node[box,fill={rgb,255:red,255;green,255;blue,175}] at (12,5) {\shortstack{T18 \\ V3}};
\node[box,fill={rgb,255:red,255;green,175;blue,175}] at (12,6) {\shortstack{T19 \\ V2}};
\node[box,fill={rgb,255:red,255;green,175;blue,175}] at (12,7) {\shortstack{T19 \\ V3}};
\node[box,fill={rgb,255:red,210;green,210;blue,255}] at (13,0) {\shortstack{T20 \\ V2}};
\node[box,fill={rgb,255:red,210;green,210;blue,255}] at (13,1) {\shortstack{T20 \\ V3}};
\node[box,fill={rgb,255:red,210;green,255;blue,210}] at (13,2) {\shortstack{T21 \\ V2}};
\node[box,fill={rgb,255:red,210;green,255;blue,210}] at (13,3) {\shortstack{T21 \\ V3}};
\node[box,fill={rgb,255:red,255;green,255;blue,210}] at (13,4) {\shortstack{T22 \\ V2}};
\node[box,fill={rgb,255:red,255;green,255;blue,210}] at (13,5) {\shortstack{T22 \\ V3}};
\node[box,fill={rgb,255:red,255;green,210;blue,210}] at (13,6) {\shortstack{T23 \\ V2}};
\node[box,fill={rgb,255:red,255;green,210;blue,210}] at (13,7) {\shortstack{T23 \\ V3}};
\node[box,fill={rgb,255:red,175;green,175;blue,255}] at (14,0) {\shortstack{T24 \\ V2}};
\node[box,fill={rgb,255:red,175;green,175;blue,255}] at (14,1) {\shortstack{T24 \\ V3}};
\node[box,fill={rgb,255:red,175;green,255;blue,175}] at (14,2) {\shortstack{T25 \\ V2}};
\node[box,fill={rgb,255:red,175;green,255;blue,175}] at (14,3) {\shortstack{T25 \\ V3}};
\node[box,fill={rgb,255:red,255;green,255;blue,175}] at (14,4) {\shortstack{T26 \\ V2}};
\node[box,fill={rgb,255:red,255;green,255;blue,175}] at (14,5) {\shortstack{T26 \\ V3}};
\node[box,fill={rgb,255:red,255;green,175;blue,175}] at (14,6) {\shortstack{T27 \\ V2}};
\node[box,fill={rgb,255:red,255;green,175;blue,175}] at (14,7) {\shortstack{T27 \\ V3}};
\node[box,fill={rgb,255:red,210;green,210;blue,255}] at (15,0) {\shortstack{T28 \\ V2}};
\node[box,fill={rgb,255:red,210;green,210;blue,255}] at (15,1) {\shortstack{T28 \\ V3}};
\node[box,fill={rgb,255:red,210;green,255;blue,210}] at (15,2) {\shortstack{T29 \\ V2}};
\node[box,fill={rgb,255:red,210;green,255;blue,210}] at (15,3) {\shortstack{T29 \\ V3}};
\node[box,fill={rgb,255:red,255;green,255;blue,210}] at (15,4) {\shortstack{T30 \\ V2}};
\node[box,fill={rgb,255:red,255;green,255;blue,210}] at (15,5) {\shortstack{T30 \\ V3}};
\node[box,fill={rgb,255:red,255;green,210;blue,210}] at (15,6) {\shortstack{T31 \\ V2}};
\node[box,fill={rgb,255:red,255;green,210;blue,210}] at (15,7) {\shortstack{T31 \\ V3}};
\node[box,fill={rgb,255:red,175;green,175;blue,255}] at (0,-17) {\shortstack{T0 \\ V0}};
\node[box,fill={rgb,255:red,175;green,175;blue,255}] at (0,-16) {\shortstack{T0 \\ V1}};
\node[box,fill={rgb,255:red,175;green,255;blue,175}] at (0,-15) {\shortstack{T1 \\ V0}};
\node[box,fill={rgb,255:red,175;green,255;blue,175}] at (0,-14) {\shortstack{T1 \\ V1}};
\node[box,fill={rgb,255:red,255;green,255;blue,175}] at (0,-13) {\shortstack{T2 \\ V0}};
\node[box,fill={rgb,255:red,255;green,255;blue,175}] at (0,-12) {\shortstack{T2 \\ V1}};
\node[box,fill={rgb,255:red,255;green,175;blue,175}] at (0,-11) {\shortstack{T3 \\ V0}};
\node[box,fill={rgb,255:red,255;green,175;blue,175}] at (0,-10) {\shortstack{T3 \\ V1}};
\node[box,fill={rgb,255:red,175;green,175;blue,255}] at (0,-9) {\shortstack{T0 \\ V4}};
\node[box,fill={rgb,255:red,175;green,175;blue,255}] at (0,-8) {\shortstack{T0 \\ V5}};
\node[box,fill={rgb,255:red,175;green,255;blue,175}] at (0,-7) {\shortstack{T1 \\ V4}};
\node[box,fill={rgb,255:red,175;green,255;blue,175}] at (0,-6) {\shortstack{T1 \\ V5}};
\node[box,fill={rgb,255:red,255;green,255;blue,175}] at (0,-5) {\shortstack{T2 \\ V4}};
\node[box,fill={rgb,255:red,255;green,255;blue,175}] at (0,-4) {\shortstack{T2 \\ V5}};
\node[box,fill={rgb,255:red,255;green,175;blue,175}] at (0,-3) {\shortstack{T3 \\ V4}};
\node[box,fill={rgb,255:red,255;green,175;blue,175}] at (0,-2) {\shortstack{T3 \\ V5}};
\node[box,fill={rgb,255:red,210;green,210;blue,255}] at (1,-17) {\shortstack{T4 \\ V0}};
\node[box,fill={rgb,255:red,210;green,210;blue,255}] at (1,-16) {\shortstack{T4 \\ V1}};
\node[box,fill={rgb,255:red,210;green,255;blue,210}] at (1,-15) {\shortstack{T5 \\ V0}};
\node[box,fill={rgb,255:red,210;green,255;blue,210}] at (1,-14) {\shortstack{T5 \\ V1}};
\node[box,fill={rgb,255:red,255;green,255;blue,210}] at (1,-13) {\shortstack{T6 \\ V0}};
\node[box,fill={rgb,255:red,255;green,255;blue,210}] at (1,-12) {\shortstack{T6 \\ V1}};
\node[box,fill={rgb,255:red,255;green,210;blue,210}] at (1,-11) {\shortstack{T7 \\ V0}};
\node[box,fill={rgb,255:red,255;green,210;blue,210}] at (1,-10) {\shortstack{T7 \\ V1}};
\node[box,fill={rgb,255:red,210;green,210;blue,255}] at (1,-9) {\shortstack{T4 \\ V4}};
\node[box,fill={rgb,255:red,210;green,210;blue,255}] at (1,-8) {\shortstack{T4 \\ V5}};
\node[box,fill={rgb,255:red,210;green,255;blue,210}] at (1,-7) {\shortstack{T5 \\ V4}};
\node[box,fill={rgb,255:red,210;green,255;blue,210}] at (1,-6) {\shortstack{T5 \\ V5}};
\node[box,fill={rgb,255:red,255;green,255;blue,210}] at (1,-5) {\shortstack{T6 \\ V4}};
\node[box,fill={rgb,255:red,255;green,255;blue,210}] at (1,-4) {\shortstack{T6 \\ V5}};
\node[box,fill={rgb,255:red,255;green,210;blue,210}] at (1,-3) {\shortstack{T7 \\ V4}};
\node[box,fill={rgb,255:red,255;green,210;blue,210}] at (1,-2) {\shortstack{T7 \\ V5}};
\node[box,fill={rgb,255:red,175;green,175;blue,255}] at (2,-17) {\shortstack{T8 \\ V0}};
\node[box,fill={rgb,255:red,175;green,175;blue,255}] at (2,-16) {\shortstack{T8 \\ V1}};
\node[box,fill={rgb,255:red,175;green,255;blue,175}] at (2,-15) {\shortstack{T9 \\ V0}};
\node[box,fill={rgb,255:red,175;green,255;blue,175}] at (2,-14) {\shortstack{T9 \\ V1}};
\node[box,fill={rgb,255:red,255;green,255;blue,175}] at (2,-13) {\shortstack{T10 \\ V0}};
\node[box,fill={rgb,255:red,255;green,255;blue,175}] at (2,-12) {\shortstack{T10 \\ V1}};
\node[box,fill={rgb,255:red,255;green,175;blue,175}] at (2,-11) {\shortstack{T11 \\ V0}};
\node[box,fill={rgb,255:red,255;green,175;blue,175}] at (2,-10) {\shortstack{T11 \\ V1}};
\node[box,fill={rgb,255:red,175;green,175;blue,255}] at (2,-9) {\shortstack{T8 \\ V4}};
\node[box,fill={rgb,255:red,175;green,175;blue,255}] at (2,-8) {\shortstack{T8 \\ V5}};
\node[box,fill={rgb,255:red,175;green,255;blue,175}] at (2,-7) {\shortstack{T9 \\ V4}};
\node[box,fill={rgb,255:red,175;green,255;blue,175}] at (2,-6) {\shortstack{T9 \\ V5}};
\node[box,fill={rgb,255:red,255;green,255;blue,175}] at (2,-5) {\shortstack{T10 \\ V4}};
\node[box,fill={rgb,255:red,255;green,255;blue,175}] at (2,-4) {\shortstack{T10 \\ V5}};
\node[box,fill={rgb,255:red,255;green,175;blue,175}] at (2,-3) {\shortstack{T11 \\ V4}};
\node[box,fill={rgb,255:red,255;green,175;blue,175}] at (2,-2) {\shortstack{T11 \\ V5}};
\node[box,fill={rgb,255:red,210;green,210;blue,255}] at (3,-17) {\shortstack{T12 \\ V0}};
\node[box,fill={rgb,255:red,210;green,210;blue,255}] at (3,-16) {\shortstack{T12 \\ V1}};
\node[box,fill={rgb,255:red,210;green,255;blue,210}] at (3,-15) {\shortstack{T13 \\ V0}};
\node[box,fill={rgb,255:red,210;green,255;blue,210}] at (3,-14) {\shortstack{T13 \\ V1}};
\node[box,fill={rgb,255:red,255;green,255;blue,210}] at (3,-13) {\shortstack{T14 \\ V0}};
\node[box,fill={rgb,255:red,255;green,255;blue,210}] at (3,-12) {\shortstack{T14 \\ V1}};
\node[box,fill={rgb,255:red,255;green,210;blue,210}] at (3,-11) {\shortstack{T15 \\ V0}};
\node[box,fill={rgb,255:red,255;green,210;blue,210}] at (3,-10) {\shortstack{T15 \\ V1}};
\node[box,fill={rgb,255:red,210;green,210;blue,255}] at (3,-9) {\shortstack{T12 \\ V4}};
\node[box,fill={rgb,255:red,210;green,210;blue,255}] at (3,-8) {\shortstack{T12 \\ V5}};
\node[box,fill={rgb,255:red,210;green,255;blue,210}] at (3,-7) {\shortstack{T13 \\ V4}};
\node[box,fill={rgb,255:red,210;green,255;blue,210}] at (3,-6) {\shortstack{T13 \\ V5}};
\node[box,fill={rgb,255:red,255;green,255;blue,210}] at (3,-5) {\shortstack{T14 \\ V4}};
\node[box,fill={rgb,255:red,255;green,255;blue,210}] at (3,-4) {\shortstack{T14 \\ V5}};
\node[box,fill={rgb,255:red,255;green,210;blue,210}] at (3,-3) {\shortstack{T15 \\ V4}};
\node[box,fill={rgb,255:red,255;green,210;blue,210}] at (3,-2) {\shortstack{T15 \\ V5}};
\node[box,fill={rgb,255:red,175;green,175;blue,255}] at (4,-17) {\shortstack{T16 \\ V0}};
\node[box,fill={rgb,255:red,175;green,175;blue,255}] at (4,-16) {\shortstack{T16 \\ V1}};
\node[box,fill={rgb,255:red,175;green,255;blue,175}] at (4,-15) {\shortstack{T17 \\ V0}};
\node[box,fill={rgb,255:red,175;green,255;blue,175}] at (4,-14) {\shortstack{T17 \\ V1}};
\node[box,fill={rgb,255:red,255;green,255;blue,175}] at (4,-13) {\shortstack{T18 \\ V0}};
\node[box,fill={rgb,255:red,255;green,255;blue,175}] at (4,-12) {\shortstack{T18 \\ V1}};
\node[box,fill={rgb,255:red,255;green,175;blue,175}] at (4,-11) {\shortstack{T19 \\ V0}};
\node[box,fill={rgb,255:red,255;green,175;blue,175}] at (4,-10) {\shortstack{T19 \\ V1}};
\node[box,fill={rgb,255:red,175;green,175;blue,255}] at (4,-9) {\shortstack{T16 \\ V4}};
\node[box,fill={rgb,255:red,175;green,175;blue,255}] at (4,-8) {\shortstack{T16 \\ V5}};
\node[box,fill={rgb,255:red,175;green,255;blue,175}] at (4,-7) {\shortstack{T17 \\ V4}};
\node[box,fill={rgb,255:red,175;green,255;blue,175}] at (4,-6) {\shortstack{T17 \\ V5}};
\node[box,fill={rgb,255:red,255;green,255;blue,175}] at (4,-5) {\shortstack{T18 \\ V4}};
\node[box,fill={rgb,255:red,255;green,255;blue,175}] at (4,-4) {\shortstack{T18 \\ V5}};
\node[box,fill={rgb,255:red,255;green,175;blue,175}] at (4,-3) {\shortstack{T19 \\ V4}};
\node[box,fill={rgb,255:red,255;green,175;blue,175}] at (4,-2) {\shortstack{T19 \\ V5}};
\node[box,fill={rgb,255:red,210;green,210;blue,255}] at (5,-17) {\shortstack{T20 \\ V0}};
\node[box,fill={rgb,255:red,210;green,210;blue,255}] at (5,-16) {\shortstack{T20 \\ V1}};
\node[box,fill={rgb,255:red,210;green,255;blue,210}] at (5,-15) {\shortstack{T21 \\ V0}};
\node[box,fill={rgb,255:red,210;green,255;blue,210}] at (5,-14) {\shortstack{T21 \\ V1}};
\node[box,fill={rgb,255:red,255;green,255;blue,210}] at (5,-13) {\shortstack{T22 \\ V0}};
\node[box,fill={rgb,255:red,255;green,255;blue,210}] at (5,-12) {\shortstack{T22 \\ V1}};
\node[box,fill={rgb,255:red,255;green,210;blue,210}] at (5,-11) {\shortstack{T23 \\ V0}};
\node[box,fill={rgb,255:red,255;green,210;blue,210}] at (5,-10) {\shortstack{T23 \\ V1}};
\node[box,fill={rgb,255:red,210;green,210;blue,255}] at (5,-9) {\shortstack{T20 \\ V4}};
\node[box,fill={rgb,255:red,210;green,210;blue,255}] at (5,-8) {\shortstack{T20 \\ V5}};
\node[box,fill={rgb,255:red,210;green,255;blue,210}] at (5,-7) {\shortstack{T21 \\ V4}};
\node[box,fill={rgb,255:red,210;green,255;blue,210}] at (5,-6) {\shortstack{T21 \\ V5}};
\node[box,fill={rgb,255:red,255;green,255;blue,210}] at (5,-5) {\shortstack{T22 \\ V4}};
\node[box,fill={rgb,255:red,255;green,255;blue,210}] at (5,-4) {\shortstack{T22 \\ V5}};
\node[box,fill={rgb,255:red,255;green,210;blue,210}] at (5,-3) {\shortstack{T23 \\ V4}};
\node[box,fill={rgb,255:red,255;green,210;blue,210}] at (5,-2) {\shortstack{T23 \\ V5}};
\node[box,fill={rgb,255:red,175;green,175;blue,255}] at (6,-17) {\shortstack{T24 \\ V0}};
\node[box,fill={rgb,255:red,175;green,175;blue,255}] at (6,-16) {\shortstack{T24 \\ V1}};
\node[box,fill={rgb,255:red,175;green,255;blue,175}] at (6,-15) {\shortstack{T25 \\ V0}};
\node[box,fill={rgb,255:red,175;green,255;blue,175}] at (6,-14) {\shortstack{T25 \\ V1}};
\node[box,fill={rgb,255:red,255;green,255;blue,175}] at (6,-13) {\shortstack{T26 \\ V0}};
\node[box,fill={rgb,255:red,255;green,255;blue,175}] at (6,-12) {\shortstack{T26 \\ V1}};
\node[box,fill={rgb,255:red,255;green,175;blue,175}] at (6,-11) {\shortstack{T27 \\ V0}};
\node[box,fill={rgb,255:red,255;green,175;blue,175}] at (6,-10) {\shortstack{T27 \\ V1}};
\node[box,fill={rgb,255:red,175;green,175;blue,255}] at (6,-9) {\shortstack{T24 \\ V4}};
\node[box,fill={rgb,255:red,175;green,175;blue,255}] at (6,-8) {\shortstack{T24 \\ V5}};
\node[box,fill={rgb,255:red,175;green,255;blue,175}] at (6,-7) {\shortstack{T25 \\ V4}};
\node[box,fill={rgb,255:red,175;green,255;blue,175}] at (6,-6) {\shortstack{T25 \\ V5}};
\node[box,fill={rgb,255:red,255;green,255;blue,175}] at (6,-5) {\shortstack{T26 \\ V4}};
\node[box,fill={rgb,255:red,255;green,255;blue,175}] at (6,-4) {\shortstack{T26 \\ V5}};
\node[box,fill={rgb,255:red,255;green,175;blue,175}] at (6,-3) {\shortstack{T27 \\ V4}};
\node[box,fill={rgb,255:red,255;green,175;blue,175}] at (6,-2) {\shortstack{T27 \\ V5}};
\node[box,fill={rgb,255:red,210;green,210;blue,255}] at (7,-17) {\shortstack{T28 \\ V0}};
\node[box,fill={rgb,255:red,210;green,210;blue,255}] at (7,-16) {\shortstack{T28 \\ V1}};
\node[box,fill={rgb,255:red,210;green,255;blue,210}] at (7,-15) {\shortstack{T29 \\ V0}};
\node[box,fill={rgb,255:red,210;green,255;blue,210}] at (7,-14) {\shortstack{T29 \\ V1}};
\node[box,fill={rgb,255:red,255;green,255;blue,210}] at (7,-13) {\shortstack{T30 \\ V0}};
\node[box,fill={rgb,255:red,255;green,255;blue,210}] at (7,-12) {\shortstack{T30 \\ V1}};
\node[box,fill={rgb,255:red,255;green,210;blue,210}] at (7,-11) {\shortstack{T31 \\ V0}};
\node[box,fill={rgb,255:red,255;green,210;blue,210}] at (7,-10) {\shortstack{T31 \\ V1}};
\node[box,fill={rgb,255:red,210;green,210;blue,255}] at (7,-9) {\shortstack{T28 \\ V4}};
\node[box,fill={rgb,255:red,210;green,210;blue,255}] at (7,-8) {\shortstack{T28 \\ V5}};
\node[box,fill={rgb,255:red,210;green,255;blue,210}] at (7,-7) {\shortstack{T29 \\ V4}};
\node[box,fill={rgb,255:red,210;green,255;blue,210}] at (7,-6) {\shortstack{T29 \\ V5}};
\node[box,fill={rgb,255:red,255;green,255;blue,210}] at (7,-5) {\shortstack{T30 \\ V4}};
\node[box,fill={rgb,255:red,255;green,255;blue,210}] at (7,-4) {\shortstack{T30 \\ V5}};
\node[box,fill={rgb,255:red,255;green,210;blue,210}] at (7,-3) {\shortstack{T31 \\ V4}};
\node[box,fill={rgb,255:red,255;green,210;blue,210}] at (7,-2) {\shortstack{T31 \\ V5}};
\node[box,fill={rgb,255:red,175;green,175;blue,255}] at (8,-17) {\shortstack{T0 \\ V2}};
\node[box,fill={rgb,255:red,175;green,175;blue,255}] at (8,-16) {\shortstack{T0 \\ V3}};
\node[box,fill={rgb,255:red,175;green,255;blue,175}] at (8,-15) {\shortstack{T1 \\ V2}};
\node[box,fill={rgb,255:red,175;green,255;blue,175}] at (8,-14) {\shortstack{T1 \\ V3}};
\node[box,fill={rgb,255:red,255;green,255;blue,175}] at (8,-13) {\shortstack{T2 \\ V2}};
\node[box,fill={rgb,255:red,255;green,255;blue,175}] at (8,-12) {\shortstack{T2 \\ V3}};
\node[box,fill={rgb,255:red,255;green,175;blue,175}] at (8,-11) {\shortstack{T3 \\ V2}};
\node[box,fill={rgb,255:red,255;green,175;blue,175}] at (8,-10) {\shortstack{T3 \\ V3}};
\node[box,fill={rgb,255:red,175;green,175;blue,255}] at (8,-9) {\shortstack{T0 \\ V6}};
\node[box,fill={rgb,255:red,175;green,175;blue,255}] at (8,-8) {\shortstack{T0 \\ V7}};
\node[box,fill={rgb,255:red,175;green,255;blue,175}] at (8,-7) {\shortstack{T1 \\ V6}};
\node[box,fill={rgb,255:red,175;green,255;blue,175}] at (8,-6) {\shortstack{T1 \\ V7}};
\node[box,fill={rgb,255:red,255;green,255;blue,175}] at (8,-5) {\shortstack{T2 \\ V6}};
\node[box,fill={rgb,255:red,255;green,255;blue,175}] at (8,-4) {\shortstack{T2 \\ V7}};
\node[box,fill={rgb,255:red,255;green,175;blue,175}] at (8,-3) {\shortstack{T3 \\ V6}};
\node[box,fill={rgb,255:red,255;green,175;blue,175}] at (8,-2) {\shortstack{T3 \\ V7}};
\node[box,fill={rgb,255:red,210;green,210;blue,255}] at (9,-17) {\shortstack{T4 \\ V2}};
\node[box,fill={rgb,255:red,210;green,210;blue,255}] at (9,-16) {\shortstack{T4 \\ V3}};
\node[box,fill={rgb,255:red,210;green,255;blue,210}] at (9,-15) {\shortstack{T5 \\ V2}};
\node[box,fill={rgb,255:red,210;green,255;blue,210}] at (9,-14) {\shortstack{T5 \\ V3}};
\node[box,fill={rgb,255:red,255;green,255;blue,210}] at (9,-13) {\shortstack{T6 \\ V2}};
\node[box,fill={rgb,255:red,255;green,255;blue,210}] at (9,-12) {\shortstack{T6 \\ V3}};
\node[box,fill={rgb,255:red,255;green,210;blue,210}] at (9,-11) {\shortstack{T7 \\ V2}};
\node[box,fill={rgb,255:red,255;green,210;blue,210}] at (9,-10) {\shortstack{T7 \\ V3}};
\node[box,fill={rgb,255:red,210;green,210;blue,255}] at (9,-9) {\shortstack{T4 \\ V6}};
\node[box,fill={rgb,255:red,210;green,210;blue,255}] at (9,-8) {\shortstack{T4 \\ V7}};
\node[box,fill={rgb,255:red,210;green,255;blue,210}] at (9,-7) {\shortstack{T5 \\ V6}};
\node[box,fill={rgb,255:red,210;green,255;blue,210}] at (9,-6) {\shortstack{T5 \\ V7}};
\node[box,fill={rgb,255:red,255;green,255;blue,210}] at (9,-5) {\shortstack{T6 \\ V6}};
\node[box,fill={rgb,255:red,255;green,255;blue,210}] at (9,-4) {\shortstack{T6 \\ V7}};
\node[box,fill={rgb,255:red,255;green,210;blue,210}] at (9,-3) {\shortstack{T7 \\ V6}};
\node[box,fill={rgb,255:red,255;green,210;blue,210}] at (9,-2) {\shortstack{T7 \\ V7}};
\node[box,fill={rgb,255:red,175;green,175;blue,255}] at (10,-17) {\shortstack{T8 \\ V2}};
\node[box,fill={rgb,255:red,175;green,175;blue,255}] at (10,-16) {\shortstack{T8 \\ V3}};
\node[box,fill={rgb,255:red,175;green,255;blue,175}] at (10,-15) {\shortstack{T9 \\ V2}};
\node[box,fill={rgb,255:red,175;green,255;blue,175}] at (10,-14) {\shortstack{T9 \\ V3}};
\node[box,fill={rgb,255:red,255;green,255;blue,175}] at (10,-13) {\shortstack{T10 \\ V2}};
\node[box,fill={rgb,255:red,255;green,255;blue,175}] at (10,-12) {\shortstack{T10 \\ V3}};
\node[box,fill={rgb,255:red,255;green,175;blue,175}] at (10,-11) {\shortstack{T11 \\ V2}};
\node[box,fill={rgb,255:red,255;green,175;blue,175}] at (10,-10) {\shortstack{T11 \\ V3}};
\node[box,fill={rgb,255:red,175;green,175;blue,255}] at (10,-9) {\shortstack{T8 \\ V6}};
\node[box,fill={rgb,255:red,175;green,175;blue,255}] at (10,-8) {\shortstack{T8 \\ V7}};
\node[box,fill={rgb,255:red,175;green,255;blue,175}] at (10,-7) {\shortstack{T9 \\ V6}};
\node[box,fill={rgb,255:red,175;green,255;blue,175}] at (10,-6) {\shortstack{T9 \\ V7}};
\node[box,fill={rgb,255:red,255;green,255;blue,175}] at (10,-5) {\shortstack{T10 \\ V6}};
\node[box,fill={rgb,255:red,255;green,255;blue,175}] at (10,-4) {\shortstack{T10 \\ V7}};
\node[box,fill={rgb,255:red,255;green,175;blue,175}] at (10,-3) {\shortstack{T11 \\ V6}};
\node[box,fill={rgb,255:red,255;green,175;blue,175}] at (10,-2) {\shortstack{T11 \\ V7}};
\node[box,fill={rgb,255:red,210;green,210;blue,255}] at (11,-17) {\shortstack{T12 \\ V2}};
\node[box,fill={rgb,255:red,210;green,210;blue,255}] at (11,-16) {\shortstack{T12 \\ V3}};
\node[box,fill={rgb,255:red,210;green,255;blue,210}] at (11,-15) {\shortstack{T13 \\ V2}};
\node[box,fill={rgb,255:red,210;green,255;blue,210}] at (11,-14) {\shortstack{T13 \\ V3}};
\node[box,fill={rgb,255:red,255;green,255;blue,210}] at (11,-13) {\shortstack{T14 \\ V2}};
\node[box,fill={rgb,255:red,255;green,255;blue,210}] at (11,-12) {\shortstack{T14 \\ V3}};
\node[box,fill={rgb,255:red,255;green,210;blue,210}] at (11,-11) {\shortstack{T15 \\ V2}};
\node[box,fill={rgb,255:red,255;green,210;blue,210}] at (11,-10) {\shortstack{T15 \\ V3}};
\node[box,fill={rgb,255:red,210;green,210;blue,255}] at (11,-9) {\shortstack{T12 \\ V6}};
\node[box,fill={rgb,255:red,210;green,210;blue,255}] at (11,-8) {\shortstack{T12 \\ V7}};
\node[box,fill={rgb,255:red,210;green,255;blue,210}] at (11,-7) {\shortstack{T13 \\ V6}};
\node[box,fill={rgb,255:red,210;green,255;blue,210}] at (11,-6) {\shortstack{T13 \\ V7}};
\node[box,fill={rgb,255:red,255;green,255;blue,210}] at (11,-5) {\shortstack{T14 \\ V6}};
\node[box,fill={rgb,255:red,255;green,255;blue,210}] at (11,-4) {\shortstack{T14 \\ V7}};
\node[box,fill={rgb,255:red,255;green,210;blue,210}] at (11,-3) {\shortstack{T15 \\ V6}};
\node[box,fill={rgb,255:red,255;green,210;blue,210}] at (11,-2) {\shortstack{T15 \\ V7}};
\node[box,fill={rgb,255:red,175;green,175;blue,255}] at (12,-17) {\shortstack{T16 \\ V2}};
\node[box,fill={rgb,255:red,175;green,175;blue,255}] at (12,-16) {\shortstack{T16 \\ V3}};
\node[box,fill={rgb,255:red,175;green,255;blue,175}] at (12,-15) {\shortstack{T17 \\ V2}};
\node[box,fill={rgb,255:red,175;green,255;blue,175}] at (12,-14) {\shortstack{T17 \\ V3}};
\node[box,fill={rgb,255:red,255;green,255;blue,175}] at (12,-13) {\shortstack{T18 \\ V2}};
\node[box,fill={rgb,255:red,255;green,255;blue,175}] at (12,-12) {\shortstack{T18 \\ V3}};
\node[box,fill={rgb,255:red,255;green,175;blue,175}] at (12,-11) {\shortstack{T19 \\ V2}};
\node[box,fill={rgb,255:red,255;green,175;blue,175}] at (12,-10) {\shortstack{T19 \\ V3}};
\node[box,fill={rgb,255:red,175;green,175;blue,255}] at (12,-9) {\shortstack{T16 \\ V6}};
\node[box,fill={rgb,255:red,175;green,175;blue,255}] at (12,-8) {\shortstack{T16 \\ V7}};
\node[box,fill={rgb,255:red,175;green,255;blue,175}] at (12,-7) {\shortstack{T17 \\ V6}};
\node[box,fill={rgb,255:red,175;green,255;blue,175}] at (12,-6) {\shortstack{T17 \\ V7}};
\node[box,fill={rgb,255:red,255;green,255;blue,175}] at (12,-5) {\shortstack{T18 \\ V6}};
\node[box,fill={rgb,255:red,255;green,255;blue,175}] at (12,-4) {\shortstack{T18 \\ V7}};
\node[box,fill={rgb,255:red,255;green,175;blue,175}] at (12,-3) {\shortstack{T19 \\ V6}};
\node[box,fill={rgb,255:red,255;green,175;blue,175}] at (12,-2) {\shortstack{T19 \\ V7}};
\node[box,fill={rgb,255:red,210;green,210;blue,255}] at (13,-17) {\shortstack{T20 \\ V2}};
\node[box,fill={rgb,255:red,210;green,210;blue,255}] at (13,-16) {\shortstack{T20 \\ V3}};
\node[box,fill={rgb,255:red,210;green,255;blue,210}] at (13,-15) {\shortstack{T21 \\ V2}};
\node[box,fill={rgb,255:red,210;green,255;blue,210}] at (13,-14) {\shortstack{T21 \\ V3}};
\node[box,fill={rgb,255:red,255;green,255;blue,210}] at (13,-13) {\shortstack{T22 \\ V2}};
\node[box,fill={rgb,255:red,255;green,255;blue,210}] at (13,-12) {\shortstack{T22 \\ V3}};
\node[box,fill={rgb,255:red,255;green,210;blue,210}] at (13,-11) {\shortstack{T23 \\ V2}};
\node[box,fill={rgb,255:red,255;green,210;blue,210}] at (13,-10) {\shortstack{T23 \\ V3}};
\node[box,fill={rgb,255:red,210;green,210;blue,255}] at (13,-9) {\shortstack{T20 \\ V6}};
\node[box,fill={rgb,255:red,210;green,210;blue,255}] at (13,-8) {\shortstack{T20 \\ V7}};
\node[box,fill={rgb,255:red,210;green,255;blue,210}] at (13,-7) {\shortstack{T21 \\ V6}};
\node[box,fill={rgb,255:red,210;green,255;blue,210}] at (13,-6) {\shortstack{T21 \\ V7}};
\node[box,fill={rgb,255:red,255;green,255;blue,210}] at (13,-5) {\shortstack{T22 \\ V6}};
\node[box,fill={rgb,255:red,255;green,255;blue,210}] at (13,-4) {\shortstack{T22 \\ V7}};
\node[box,fill={rgb,255:red,255;green,210;blue,210}] at (13,-3) {\shortstack{T23 \\ V6}};
\node[box,fill={rgb,255:red,255;green,210;blue,210}] at (13,-2) {\shortstack{T23 \\ V7}};
\node[box,fill={rgb,255:red,175;green,175;blue,255}] at (14,-17) {\shortstack{T24 \\ V2}};
\node[box,fill={rgb,255:red,175;green,175;blue,255}] at (14,-16) {\shortstack{T24 \\ V3}};
\node[box,fill={rgb,255:red,175;green,255;blue,175}] at (14,-15) {\shortstack{T25 \\ V2}};
\node[box,fill={rgb,255:red,175;green,255;blue,175}] at (14,-14) {\shortstack{T25 \\ V3}};
\node[box,fill={rgb,255:red,255;green,255;blue,175}] at (14,-13) {\shortstack{T26 \\ V2}};
\node[box,fill={rgb,255:red,255;green,255;blue,175}] at (14,-12) {\shortstack{T26 \\ V3}};
\node[box,fill={rgb,255:red,255;green,175;blue,175}] at (14,-11) {\shortstack{T27 \\ V2}};
\node[box,fill={rgb,255:red,255;green,175;blue,175}] at (14,-10) {\shortstack{T27 \\ V3}};
\node[box,fill={rgb,255:red,175;green,175;blue,255}] at (14,-9) {\shortstack{T24 \\ V6}};
\node[box,fill={rgb,255:red,175;green,175;blue,255}] at (14,-8) {\shortstack{T24 \\ V7}};
\node[box,fill={rgb,255:red,175;green,255;blue,175}] at (14,-7) {\shortstack{T25 \\ V6}};
\node[box,fill={rgb,255:red,175;green,255;blue,175}] at (14,-6) {\shortstack{T25 \\ V7}};
\node[box,fill={rgb,255:red,255;green,255;blue,175}] at (14,-5) {\shortstack{T26 \\ V6}};
\node[box,fill={rgb,255:red,255;green,255;blue,175}] at (14,-4) {\shortstack{T26 \\ V7}};
\node[box,fill={rgb,255:red,255;green,175;blue,175}] at (14,-3) {\shortstack{T27 \\ V6}};
\node[box,fill={rgb,255:red,255;green,175;blue,175}] at (14,-2) {\shortstack{T27 \\ V7}};
\node[box,fill={rgb,255:red,210;green,210;blue,255}] at (15,-17) {\shortstack{T28 \\ V2}};
\node[box,fill={rgb,255:red,210;green,210;blue,255}] at (15,-16) {\shortstack{T28 \\ V3}};
\node[box,fill={rgb,255:red,210;green,255;blue,210}] at (15,-15) {\shortstack{T29 \\ V2}};
\node[box,fill={rgb,255:red,210;green,255;blue,210}] at (15,-14) {\shortstack{T29 \\ V3}};
\node[box,fill={rgb,255:red,255;green,255;blue,210}] at (15,-13) {\shortstack{T30 \\ V2}};
\node[box,fill={rgb,255:red,255;green,255;blue,210}] at (15,-12) {\shortstack{T30 \\ V3}};
\node[box,fill={rgb,255:red,255;green,210;blue,210}] at (15,-11) {\shortstack{T31 \\ V2}};
\node[box,fill={rgb,255:red,255;green,210;blue,210}] at (15,-10) {\shortstack{T31 \\ V3}};
\node[box,fill={rgb,255:red,210;green,210;blue,255}] at (15,-9) {\shortstack{T28 \\ V6}};
\node[box,fill={rgb,255:red,210;green,210;blue,255}] at (15,-8) {\shortstack{T28 \\ V7}};
\node[box,fill={rgb,255:red,210;green,255;blue,210}] at (15,-7) {\shortstack{T29 \\ V6}};
\node[box,fill={rgb,255:red,210;green,255;blue,210}] at (15,-6) {\shortstack{T29 \\ V7}};
\node[box,fill={rgb,255:red,255;green,255;blue,210}] at (15,-5) {\shortstack{T30 \\ V6}};
\node[box,fill={rgb,255:red,255;green,255;blue,210}] at (15,-4) {\shortstack{T30 \\ V7}};
\node[box,fill={rgb,255:red,255;green,210;blue,210}] at (15,-3) {\shortstack{T31 \\ V6}};
\node[box,fill={rgb,255:red,255;green,210;blue,210}] at (15,-2) {\shortstack{T31 \\ V7}};
\node[box,fill={rgb,255:red,175;green,175;blue,255}] at (-17,0) {\shortstack{T0 \\ V0}};
\node[box,fill={rgb,255:red,175;green,175;blue,255}] at (-16,0) {\shortstack{T0 \\ V1}};
\node[box,fill={rgb,255:red,175;green,255;blue,175}] at (-15,0) {\shortstack{T1 \\ V0}};
\node[box,fill={rgb,255:red,175;green,255;blue,175}] at (-14,0) {\shortstack{T1 \\ V1}};
\node[box,fill={rgb,255:red,255;green,255;blue,175}] at (-13,0) {\shortstack{T2 \\ V0}};
\node[box,fill={rgb,255:red,255;green,255;blue,175}] at (-12,0) {\shortstack{T2 \\ V1}};
\node[box,fill={rgb,255:red,255;green,175;blue,175}] at (-11,0) {\shortstack{T3 \\ V0}};
\node[box,fill={rgb,255:red,255;green,175;blue,175}] at (-10,0) {\shortstack{T3 \\ V1}};
\node[box,fill={rgb,255:red,175;green,175;blue,255}] at (-9,0) {\shortstack{T0 \\ V2}};
\node[box,fill={rgb,255:red,175;green,175;blue,255}] at (-8,0) {\shortstack{T0 \\ V3}};
\node[box,fill={rgb,255:red,175;green,255;blue,175}] at (-7,0) {\shortstack{T1 \\ V2}};
\node[box,fill={rgb,255:red,175;green,255;blue,175}] at (-6,0) {\shortstack{T1 \\ V3}};
\node[box,fill={rgb,255:red,255;green,255;blue,175}] at (-5,0) {\shortstack{T2 \\ V2}};
\node[box,fill={rgb,255:red,255;green,255;blue,175}] at (-4,0) {\shortstack{T2 \\ V3}};
\node[box,fill={rgb,255:red,255;green,175;blue,175}] at (-3,0) {\shortstack{T3 \\ V2}};
\node[box,fill={rgb,255:red,255;green,175;blue,175}] at (-2,0) {\shortstack{T3 \\ V3}};
\node[box,fill={rgb,255:red,210;green,210;blue,255}] at (-17,1) {\shortstack{T4 \\ V0}};
\node[box,fill={rgb,255:red,210;green,210;blue,255}] at (-16,1) {\shortstack{T4 \\ V1}};
\node[box,fill={rgb,255:red,210;green,255;blue,210}] at (-15,1) {\shortstack{T5 \\ V0}};
\node[box,fill={rgb,255:red,210;green,255;blue,210}] at (-14,1) {\shortstack{T5 \\ V1}};
\node[box,fill={rgb,255:red,255;green,255;blue,210}] at (-13,1) {\shortstack{T6 \\ V0}};
\node[box,fill={rgb,255:red,255;green,255;blue,210}] at (-12,1) {\shortstack{T6 \\ V1}};
\node[box,fill={rgb,255:red,255;green,210;blue,210}] at (-11,1) {\shortstack{T7 \\ V0}};
\node[box,fill={rgb,255:red,255;green,210;blue,210}] at (-10,1) {\shortstack{T7 \\ V1}};
\node[box,fill={rgb,255:red,210;green,210;blue,255}] at (-9,1) {\shortstack{T4 \\ V2}};
\node[box,fill={rgb,255:red,210;green,210;blue,255}] at (-8,1) {\shortstack{T4 \\ V3}};
\node[box,fill={rgb,255:red,210;green,255;blue,210}] at (-7,1) {\shortstack{T5 \\ V2}};
\node[box,fill={rgb,255:red,210;green,255;blue,210}] at (-6,1) {\shortstack{T5 \\ V3}};
\node[box,fill={rgb,255:red,255;green,255;blue,210}] at (-5,1) {\shortstack{T6 \\ V2}};
\node[box,fill={rgb,255:red,255;green,255;blue,210}] at (-4,1) {\shortstack{T6 \\ V3}};
\node[box,fill={rgb,255:red,255;green,210;blue,210}] at (-3,1) {\shortstack{T7 \\ V2}};
\node[box,fill={rgb,255:red,255;green,210;blue,210}] at (-2,1) {\shortstack{T7 \\ V3}};
\node[box,fill={rgb,255:red,175;green,175;blue,255}] at (-17,2) {\shortstack{T8 \\ V0}};
\node[box,fill={rgb,255:red,175;green,175;blue,255}] at (-16,2) {\shortstack{T8 \\ V1}};
\node[box,fill={rgb,255:red,175;green,255;blue,175}] at (-15,2) {\shortstack{T9 \\ V0}};
\node[box,fill={rgb,255:red,175;green,255;blue,175}] at (-14,2) {\shortstack{T9 \\ V1}};
\node[box,fill={rgb,255:red,255;green,255;blue,175}] at (-13,2) {\shortstack{T10 \\ V0}};
\node[box,fill={rgb,255:red,255;green,255;blue,175}] at (-12,2) {\shortstack{T10 \\ V1}};
\node[box,fill={rgb,255:red,255;green,175;blue,175}] at (-11,2) {\shortstack{T11 \\ V0}};
\node[box,fill={rgb,255:red,255;green,175;blue,175}] at (-10,2) {\shortstack{T11 \\ V1}};
\node[box,fill={rgb,255:red,175;green,175;blue,255}] at (-9,2) {\shortstack{T8 \\ V2}};
\node[box,fill={rgb,255:red,175;green,175;blue,255}] at (-8,2) {\shortstack{T8 \\ V3}};
\node[box,fill={rgb,255:red,175;green,255;blue,175}] at (-7,2) {\shortstack{T9 \\ V2}};
\node[box,fill={rgb,255:red,175;green,255;blue,175}] at (-6,2) {\shortstack{T9 \\ V3}};
\node[box,fill={rgb,255:red,255;green,255;blue,175}] at (-5,2) {\shortstack{T10 \\ V2}};
\node[box,fill={rgb,255:red,255;green,255;blue,175}] at (-4,2) {\shortstack{T10 \\ V3}};
\node[box,fill={rgb,255:red,255;green,175;blue,175}] at (-3,2) {\shortstack{T11 \\ V2}};
\node[box,fill={rgb,255:red,255;green,175;blue,175}] at (-2,2) {\shortstack{T11 \\ V3}};
\node[box,fill={rgb,255:red,210;green,210;blue,255}] at (-17,3) {\shortstack{T12 \\ V0}};
\node[box,fill={rgb,255:red,210;green,210;blue,255}] at (-16,3) {\shortstack{T12 \\ V1}};
\node[box,fill={rgb,255:red,210;green,255;blue,210}] at (-15,3) {\shortstack{T13 \\ V0}};
\node[box,fill={rgb,255:red,210;green,255;blue,210}] at (-14,3) {\shortstack{T13 \\ V1}};
\node[box,fill={rgb,255:red,255;green,255;blue,210}] at (-13,3) {\shortstack{T14 \\ V0}};
\node[box,fill={rgb,255:red,255;green,255;blue,210}] at (-12,3) {\shortstack{T14 \\ V1}};
\node[box,fill={rgb,255:red,255;green,210;blue,210}] at (-11,3) {\shortstack{T15 \\ V0}};
\node[box,fill={rgb,255:red,255;green,210;blue,210}] at (-10,3) {\shortstack{T15 \\ V1}};
\node[box,fill={rgb,255:red,210;green,210;blue,255}] at (-9,3) {\shortstack{T12 \\ V2}};
\node[box,fill={rgb,255:red,210;green,210;blue,255}] at (-8,3) {\shortstack{T12 \\ V3}};
\node[box,fill={rgb,255:red,210;green,255;blue,210}] at (-7,3) {\shortstack{T13 \\ V2}};
\node[box,fill={rgb,255:red,210;green,255;blue,210}] at (-6,3) {\shortstack{T13 \\ V3}};
\node[box,fill={rgb,255:red,255;green,255;blue,210}] at (-5,3) {\shortstack{T14 \\ V2}};
\node[box,fill={rgb,255:red,255;green,255;blue,210}] at (-4,3) {\shortstack{T14 \\ V3}};
\node[box,fill={rgb,255:red,255;green,210;blue,210}] at (-3,3) {\shortstack{T15 \\ V2}};
\node[box,fill={rgb,255:red,255;green,210;blue,210}] at (-2,3) {\shortstack{T15 \\ V3}};
\node[box,fill={rgb,255:red,175;green,175;blue,255}] at (-17,4) {\shortstack{T16 \\ V0}};
\node[box,fill={rgb,255:red,175;green,175;blue,255}] at (-16,4) {\shortstack{T16 \\ V1}};
\node[box,fill={rgb,255:red,175;green,255;blue,175}] at (-15,4) {\shortstack{T17 \\ V0}};
\node[box,fill={rgb,255:red,175;green,255;blue,175}] at (-14,4) {\shortstack{T17 \\ V1}};
\node[box,fill={rgb,255:red,255;green,255;blue,175}] at (-13,4) {\shortstack{T18 \\ V0}};
\node[box,fill={rgb,255:red,255;green,255;blue,175}] at (-12,4) {\shortstack{T18 \\ V1}};
\node[box,fill={rgb,255:red,255;green,175;blue,175}] at (-11,4) {\shortstack{T19 \\ V0}};
\node[box,fill={rgb,255:red,255;green,175;blue,175}] at (-10,4) {\shortstack{T19 \\ V1}};
\node[box,fill={rgb,255:red,175;green,175;blue,255}] at (-9,4) {\shortstack{T16 \\ V2}};
\node[box,fill={rgb,255:red,175;green,175;blue,255}] at (-8,4) {\shortstack{T16 \\ V3}};
\node[box,fill={rgb,255:red,175;green,255;blue,175}] at (-7,4) {\shortstack{T17 \\ V2}};
\node[box,fill={rgb,255:red,175;green,255;blue,175}] at (-6,4) {\shortstack{T17 \\ V3}};
\node[box,fill={rgb,255:red,255;green,255;blue,175}] at (-5,4) {\shortstack{T18 \\ V2}};
\node[box,fill={rgb,255:red,255;green,255;blue,175}] at (-4,4) {\shortstack{T18 \\ V3}};
\node[box,fill={rgb,255:red,255;green,175;blue,175}] at (-3,4) {\shortstack{T19 \\ V2}};
\node[box,fill={rgb,255:red,255;green,175;blue,175}] at (-2,4) {\shortstack{T19 \\ V3}};
\node[box,fill={rgb,255:red,210;green,210;blue,255}] at (-17,5) {\shortstack{T20 \\ V0}};
\node[box,fill={rgb,255:red,210;green,210;blue,255}] at (-16,5) {\shortstack{T20 \\ V1}};
\node[box,fill={rgb,255:red,210;green,255;blue,210}] at (-15,5) {\shortstack{T21 \\ V0}};
\node[box,fill={rgb,255:red,210;green,255;blue,210}] at (-14,5) {\shortstack{T21 \\ V1}};
\node[box,fill={rgb,255:red,255;green,255;blue,210}] at (-13,5) {\shortstack{T22 \\ V0}};
\node[box,fill={rgb,255:red,255;green,255;blue,210}] at (-12,5) {\shortstack{T22 \\ V1}};
\node[box,fill={rgb,255:red,255;green,210;blue,210}] at (-11,5) {\shortstack{T23 \\ V0}};
\node[box,fill={rgb,255:red,255;green,210;blue,210}] at (-10,5) {\shortstack{T23 \\ V1}};
\node[box,fill={rgb,255:red,210;green,210;blue,255}] at (-9,5) {\shortstack{T20 \\ V2}};
\node[box,fill={rgb,255:red,210;green,210;blue,255}] at (-8,5) {\shortstack{T20 \\ V3}};
\node[box,fill={rgb,255:red,210;green,255;blue,210}] at (-7,5) {\shortstack{T21 \\ V2}};
\node[box,fill={rgb,255:red,210;green,255;blue,210}] at (-6,5) {\shortstack{T21 \\ V3}};
\node[box,fill={rgb,255:red,255;green,255;blue,210}] at (-5,5) {\shortstack{T22 \\ V2}};
\node[box,fill={rgb,255:red,255;green,255;blue,210}] at (-4,5) {\shortstack{T22 \\ V3}};
\node[box,fill={rgb,255:red,255;green,210;blue,210}] at (-3,5) {\shortstack{T23 \\ V2}};
\node[box,fill={rgb,255:red,255;green,210;blue,210}] at (-2,5) {\shortstack{T23 \\ V3}};
\node[box,fill={rgb,255:red,175;green,175;blue,255}] at (-17,6) {\shortstack{T24 \\ V0}};
\node[box,fill={rgb,255:red,175;green,175;blue,255}] at (-16,6) {\shortstack{T24 \\ V1}};
\node[box,fill={rgb,255:red,175;green,255;blue,175}] at (-15,6) {\shortstack{T25 \\ V0}};
\node[box,fill={rgb,255:red,175;green,255;blue,175}] at (-14,6) {\shortstack{T25 \\ V1}};
\node[box,fill={rgb,255:red,255;green,255;blue,175}] at (-13,6) {\shortstack{T26 \\ V0}};
\node[box,fill={rgb,255:red,255;green,255;blue,175}] at (-12,6) {\shortstack{T26 \\ V1}};
\node[box,fill={rgb,255:red,255;green,175;blue,175}] at (-11,6) {\shortstack{T27 \\ V0}};
\node[box,fill={rgb,255:red,255;green,175;blue,175}] at (-10,6) {\shortstack{T27 \\ V1}};
\node[box,fill={rgb,255:red,175;green,175;blue,255}] at (-9,6) {\shortstack{T24 \\ V2}};
\node[box,fill={rgb,255:red,175;green,175;blue,255}] at (-8,6) {\shortstack{T24 \\ V3}};
\node[box,fill={rgb,255:red,175;green,255;blue,175}] at (-7,6) {\shortstack{T25 \\ V2}};
\node[box,fill={rgb,255:red,175;green,255;blue,175}] at (-6,6) {\shortstack{T25 \\ V3}};
\node[box,fill={rgb,255:red,255;green,255;blue,175}] at (-5,6) {\shortstack{T26 \\ V2}};
\node[box,fill={rgb,255:red,255;green,255;blue,175}] at (-4,6) {\shortstack{T26 \\ V3}};
\node[box,fill={rgb,255:red,255;green,175;blue,175}] at (-3,6) {\shortstack{T27 \\ V2}};
\node[box,fill={rgb,255:red,255;green,175;blue,175}] at (-2,6) {\shortstack{T27 \\ V3}};
\node[box,fill={rgb,255:red,210;green,210;blue,255}] at (-17,7) {\shortstack{T28 \\ V0}};
\node[box,fill={rgb,255:red,210;green,210;blue,255}] at (-16,7) {\shortstack{T28 \\ V1}};
\node[box,fill={rgb,255:red,210;green,255;blue,210}] at (-15,7) {\shortstack{T29 \\ V0}};
\node[box,fill={rgb,255:red,210;green,255;blue,210}] at (-14,7) {\shortstack{T29 \\ V1}};
\node[box,fill={rgb,255:red,255;green,255;blue,210}] at (-13,7) {\shortstack{T30 \\ V0}};
\node[box,fill={rgb,255:red,255;green,255;blue,210}] at (-12,7) {\shortstack{T30 \\ V1}};
\node[box,fill={rgb,255:red,255;green,210;blue,210}] at (-11,7) {\shortstack{T31 \\ V0}};
\node[box,fill={rgb,255:red,255;green,210;blue,210}] at (-10,7) {\shortstack{T31 \\ V1}};
\node[box,fill={rgb,255:red,210;green,210;blue,255}] at (-9,7) {\shortstack{T28 \\ V2}};
\node[box,fill={rgb,255:red,210;green,210;blue,255}] at (-8,7) {\shortstack{T28 \\ V3}};
\node[box,fill={rgb,255:red,210;green,255;blue,210}] at (-7,7) {\shortstack{T29 \\ V2}};
\node[box,fill={rgb,255:red,210;green,255;blue,210}] at (-6,7) {\shortstack{T29 \\ V3}};
\node[box,fill={rgb,255:red,255;green,255;blue,210}] at (-5,7) {\shortstack{T30 \\ V2}};
\node[box,fill={rgb,255:red,255;green,255;blue,210}] at (-4,7) {\shortstack{T30 \\ V3}};
\node[box,fill={rgb,255:red,255;green,210;blue,210}] at (-3,7) {\shortstack{T31 \\ V2}};
\node[box,fill={rgb,255:red,255;green,210;blue,210}] at (-2,7) {\shortstack{T31 \\ V3}};
\node at (0,-18) {\Large{\texttt{0}}};
\node at (1,-18) {\Large{\texttt{1}}};
\node at (2,-18) {\Large{\texttt{2}}};
\node at (3,-18) {\Large{\texttt{3}}};
\node at (4,-18) {\Large{\texttt{4}}};
\node at (5,-18) {\Large{\texttt{5}}};
\node at (6,-18) {\Large{\texttt{6}}};
\node at (7,-18) {\Large{\texttt{7}}};
\node at (8,-18) {\Large{\texttt{8}}};
\node at (9,-18) {\Large{\texttt{9}}};
\node at (10,-18) {\Large{\texttt{10}}};
\node at (11,-18) {\Large{\texttt{11}}};
\node at (12,-18) {\Large{\texttt{12}}};
\node at (13,-18) {\Large{\texttt{13}}};
\node at (14,-18) {\Large{\texttt{14}}};
\node at (15,-18) {\Large{\texttt{15}}};
\node at (-1,-17) {\Large{\texttt{0}}};
\node at (-1,-16) {\Large{\texttt{1}}};
\node at (-1,-15) {\Large{\texttt{2}}};
\node at (-1,-14) {\Large{\texttt{3}}};
\node at (-1,-13) {\Large{\texttt{4}}};
\node at (-1,-12) {\Large{\texttt{5}}};
\node at (-1,-11) {\Large{\texttt{6}}};
\node at (-1,-10) {\Large{\texttt{7}}};
\node at (-1,-9) {\Large{\texttt{8}}};
\node at (-1,-8) {\Large{\texttt{9}}};
\node at (-1,-7) {\Large{\texttt{10}}};
\node at (-1,-6) {\Large{\texttt{11}}};
\node at (-1,-5) {\Large{\texttt{12}}};
\node at (-1,-4) {\Large{\texttt{13}}};
\node at (-1,-3) {\Large{\texttt{14}}};
\node at (-1,-2) {\Large{\texttt{15}}};
\node at (-18,0) {\Large{\texttt{0}}};
\node at (-18,1) {\Large{\texttt{1}}};
\node at (-18,2) {\Large{\texttt{2}}};
\node at (-18,3) {\Large{\texttt{3}}};
\node at (-18,4) {\Large{\texttt{4}}};
\node at (-18,5) {\Large{\texttt{5}}};
\node at (-18,6) {\Large{\texttt{6}}};
\node at (-18,7) {\Large{\texttt{7}}};
\node at (-17,-1) {\Large{\texttt{0}}};
\node at (-16,-1) {\Large{\texttt{1}}};
\node at (-15,-1) {\Large{\texttt{2}}};
\node at (-14,-1) {\Large{\texttt{3}}};
\node at (-13,-1) {\Large{\texttt{4}}};
\node at (-12,-1) {\Large{\texttt{5}}};
\node at (-11,-1) {\Large{\texttt{6}}};
\node at (-10,-1) {\Large{\texttt{7}}};
\node at (-9,-1) {\Large{\texttt{8}}};
\node at (-8,-1) {\Large{\texttt{9}}};
\node at (-7,-1) {\Large{\texttt{10}}};
\node at (-6,-1) {\Large{\texttt{11}}};
\node at (-5,-1) {\Large{\texttt{12}}};
\node at (-4,-1) {\Large{\texttt{13}}};
\node at (-3,-1) {\Large{\texttt{14}}};
\node at (-2,-1) {\Large{\texttt{15}}};
\end{tikzpicture}
\end{document}
